{
  "RSpec": {
    "coverage": {
      "/Users/apprentice/projects/teaching/phase-3/testing-and-code-coverage/config/environment.rb": [
        null,
        1,
        null,
        null,
        1
      ],
      "/Users/apprentice/projects/teaching/phase-3/testing-and-code-coverage/config/application.rb": [
        1,
        null,
        null,
        1,
        1,
        1,
        1,
        1,
        1,
        null,
        null,
        null,
        null,
        1,
        null,
        1,
        1,
        null,
        null,
        null,
        null,
        null,
        null,
        null,
        null,
        null,
        null,
        null,
        null,
        null
      ],
      "/Users/apprentice/projects/teaching/phase-3/testing-and-code-coverage/config/boot.rb": [
        null,
        1,
        null,
        1
      ],
      "/Users/apprentice/projects/teaching/phase-3/testing-and-code-coverage/config/environments/test.rb": [
        1,
        null,
        null,
        null,
        null,
        null,
        null,
        1,
        null,
        null,
        null,
        null,
        1,
        null,
        null,
        1,
        1,
        null,
        null,
        1,
        1,
        null,
        null,
        1,
        null,
        null,
        1,
        null,
        null,
        null,
        null,
        1,
        null,
        null,
        1,
        null,
        null,
        null,
        null
      ],
      "/Users/apprentice/projects/teaching/phase-3/testing-and-code-coverage/config/initializers/assets.rb": [
        null,
        null,
        null,
        1,
        null,
        null,
        null,
        null
      ],
      "/Users/apprentice/projects/teaching/phase-3/testing-and-code-coverage/config/initializers/backtrace_silencers.rb": [
        null,
        null,
        null,
        null,
        null,
        null,
        null
      ],
      "/Users/apprentice/projects/teaching/phase-3/testing-and-code-coverage/config/initializers/cookies_serializer.rb": [
        null,
        null,
        1
      ],
      "/Users/apprentice/projects/teaching/phase-3/testing-and-code-coverage/config/initializers/filter_parameter_logging.rb": [
        null,
        null,
        null,
        1
      ],
      "/Users/apprentice/projects/teaching/phase-3/testing-and-code-coverage/config/initializers/inflections.rb": [
        null,
        null,
        null,
        null,
        null,
        null,
        null,
        null,
        null,
        null,
        null,
        null,
        null,
        null,
        null,
        null
      ],
      "/Users/apprentice/projects/teaching/phase-3/testing-and-code-coverage/config/initializers/mime_types.rb": [
        null,
        null,
        null,
        null
      ],
      "/Users/apprentice/projects/teaching/phase-3/testing-and-code-coverage/config/initializers/session_store.rb": [
        null,
        null,
        1
      ],
      "/Users/apprentice/projects/teaching/phase-3/testing-and-code-coverage/config/initializers/wrap_parameters.rb": [
        null,
        null,
        null,
        null,
        null,
        null,
        1,
        1,
        null,
        null,
        null,
        null,
        null,
        null
      ],
      "/Users/apprentice/projects/teaching/phase-3/testing-and-code-coverage/spec/factories.rb": [
        1,
        1,
        1,
        1,
        null,
        null
      ],
      "/Users/apprentice/projects/teaching/phase-3/testing-and-code-coverage/config/routes.rb": [
        1,
        1,
        1,
        null
      ],
      "/Users/apprentice/projects/teaching/phase-3/testing-and-code-coverage/app/helpers/application_helper.rb": [
        1,
        null
      ],
      "/Users/apprentice/projects/teaching/phase-3/testing-and-code-coverage/spec/controllers/articles_controller_spec.rb": [
        1,
        1,
        1,
        1,
        3,
        null,
        1,
        1,
        null,
        1,
        1,
        null,
        1,
        1,
        null,
        null,
        1,
        null,
        null,
        null
      ],
      "/Users/apprentice/projects/teaching/phase-3/testing-and-code-coverage/app/controllers/articles_controller.rb": [
        1,
        null,
        1,
        3,
        3,
        null,
        null,
        1,
        null,
        null,
        1,
        0,
        0,
        0,
        0,
        0,
        null,
        null,
        1,
        0,
        null,
        null,
        1,
        0,
        0,
        0,
        null,
        null,
        1,
        0,
        0,
        0,
        null,
        null,
        1,
        null,
        1,
        0,
        null,
        null,
        null
      ],
      "/Users/apprentice/projects/teaching/phase-3/testing-and-code-coverage/app/controllers/application_controller.rb": [
        1,
        null,
        null,
        1,
        null
      ],
      "/Users/apprentice/projects/teaching/phase-3/testing-and-code-coverage/app/models/article.rb": [
        1,
        1,
        null
      ]
    },
    "timestamp": 1443649541
  }
}
