{
  "RSpec": {
    "coverage": {
      "/Users/apprentice/projects/teaching/phase-3/testing-and-code-coverage/app/helpers/application_helper.rb": [
        1,
        null
      ],
      "/Users/apprentice/projects/teaching/phase-3/testing-and-code-coverage/app/controllers/articles_controller.rb": [
        1,
        null,
        1,
        5,
        5,
        null,
        null,
        1,
        3,
        3,
        3,
        3,
        3,
        null,
        null,
        1,
        0,
        null,
        null,
        1,
        1,
        1,
        1,
        null,
        null,
        1,
        0,
        0,
        0,
        null,
        null,
        1,
        null,
        1,
        1,
        null,
        null,
        null
      ],
      "/Users/apprentice/projects/teaching/phase-3/testing-and-code-coverage/app/controllers/application_controller.rb": [
        1,
        null,
        null,
        1,
        null
      ],
      "/Users/apprentice/projects/teaching/phase-3/testing-and-code-coverage/app/models/article.rb": [
        1,
        1,
        null
      ]
    },
    "timestamp": 1445532520
  }
}
